This is pdfTeX, Version 3.141592653-2.6-1.40.24 (MiKTeX 22.3) (preloaded format=pdflatex 2022.6.24)  6 JUL 2022 11:23
entering extended mode
 restricted \write18 enabled.
 file:line:error style messages enabled.
 %&-line parsing enabled.
**"c:/Users/bewm/OneDrive - PETROBRAS/Documents/2_Projetos/MachineLearning/ele2389-redes-neurais/latex/paper_ann_shm_felipe.tex"
(c:/Users/bewm/OneDrive - PETROBRAS/Documents/2_Projetos/MachineLearning/ele2389-redes-neurais/latex/paper_ann_shm_felipe.tex
LaTeX2e <2022-06-01> pre-release-0 (develop 2022-6-24 branch)
L3 programming layer <2022-06-02> (C:\Users\bewm\AppData\Local\Programs\MiKTeX\tex/latex/base\article.cls
Document Class: article 2021/10/04 v1.4n Standard LaTeX document class
(C:\Users\bewm\AppData\Local\Programs\MiKTeX\tex/latex/base\size10.clo
File: size10.clo 2021/10/04 v1.4n Standard LaTeX file (size option)
)
\c@part=\count185
\c@section=\count186
\c@subsection=\count187
\c@subsubsection=\count188
\c@paragraph=\count189
\c@subparagraph=\count190
\c@figure=\count191
\c@table=\count192
\abovecaptionskip=\skip47
\belowcaptionskip=\skip48
\bibindent=\dimen138
) (C:\Users\bewm\AppData\Local\Programs\MiKTeX\tex/latex/preprint\authblk.sty
Package: authblk 2001/02/27 1.3 (PWD)
\affilsep=\skip49
\@affilsep=\skip50
\c@Maxaffil=\count193
\c@authors=\count194
\c@affil=\count195
) (C:\Users\bewm\AppData\Local\Programs\MiKTeX\tex/generic/babel\babel.sty
Package: babel 2022/06/06 3.76 The Babel package
\babel@savecnt=\count196
\U@D=\dimen139
\l@unhyphenated=\language79
 (C:\Users\bewm\AppData\Local\Programs\MiKTeX\tex/generic/babel\txtbabel.def)
\bbl@readstream=\read2
\bbl@dirlevel=\count197

*************************************
* Local config file bblopts.cfg used
*
(C:\Users\bewm\AppData\Local\Programs\MiKTeX\tex/latex/arabi\bblopts.cfg
File: bblopts.cfg 2005/09/08 v0.1 add Arabic and Farsi to "declared" options of babel
) (C:\Users\bewm\AppData\Local\Programs\MiKTeX\tex/latex/babel-english\english.ldf
Language: english 2017/06/06 v3.3r English support from the babel system
Package babel Info: Hyphen rules for 'canadian' set to \l@english
(babel)             (\language0). Reported on input line 102.
Package babel Info: Hyphen rules for 'australian' set to \l@ukenglish
(babel)             (\language73). Reported on input line 105.
Package babel Info: Hyphen rules for 'newzealand' set to \l@ukenglish
(babel)             (\language73). Reported on input line 108.
)) (C:\Users\bewm\AppData\Local\Programs\MiKTeX\tex/generic/babel/locale/en\babel-english.tex
Package babel Info: Importing font and identification data for english
(babel)             from babel-en.ini. Reported on input line 11.
) (C:\Users\bewm\AppData\Local\Programs\MiKTeX\tex/latex/caption\caption.sty
Package: caption 2022/03/01 v3.6b Customizing captions (AR)
 (C:\Users\bewm\AppData\Local\Programs\MiKTeX\tex/latex/caption\caption3.sty
Package: caption3 2022/03/17 v2.3b caption3 kernel (AR)
 (C:\Users\bewm\AppData\Local\Programs\MiKTeX\tex/latex/graphics\keyval.sty
Package: keyval 2022/05/29 v1.15 key=value parser (DPC)
\KV@toks@=\toks16
)
\caption@tempdima=\dimen140
\captionmargin=\dimen141
\caption@leftmargin=\dimen142
\caption@rightmargin=\dimen143
\caption@width=\dimen144
\caption@indent=\dimen145
\caption@parindent=\dimen146
\caption@hangindent=\dimen147
Package caption Info: Standard document class detected.
)
\c@caption@flags=\count198
\c@continuedfloat=\count199
) (C:\Users\bewm\AppData\Local\Programs\MiKTeX\tex/latex/caption\subcaption.sty
Package: subcaption 2022/01/07 v1.5 Sub-captions (AR)
\c@subfigure=\count266
\c@subtable=\count267
) (C:\Users\bewm\AppData\Local\Programs\MiKTeX\tex/latex/sectsty\sectsty.sty
Package: sectsty 2002/02/25 v2.0.2 Commands to change all sectional heading styles


LaTeX Warning: Command \underbar  has changed.
               Check if current package is valid.


LaTeX Warning: Command \underline  has changed.
               Check if current package is valid.

) (C:\Users\bewm\AppData\Local\Programs\MiKTeX\tex/latex/geometry\geometry.sty
Package: geometry 2020/01/02 v5.9 Page Geometry
 (C:\Users\bewm\AppData\Local\Programs\MiKTeX\tex/generic/iftex\ifvtex.sty
Package: ifvtex 2019/10/25 v1.7 ifvtex legacy package. Use iftex instead.
 (C:\Users\bewm\AppData\Local\Programs\MiKTeX\tex/generic/iftex\iftex.sty
Package: iftex 2022/02/03 v1.0f TeX engine tests
))
\Gm@cnth=\count268
\Gm@cntv=\count269
\c@Gm@tempcnt=\count270
\Gm@bindingoffset=\dimen148
\Gm@wd@mp=\dimen149
\Gm@odd@mp=\dimen150
\Gm@even@mp=\dimen151
\Gm@layoutwidth=\dimen152
\Gm@layoutheight=\dimen153
\Gm@layouthoffset=\dimen154
\Gm@layoutvoffset=\dimen155
\Gm@dimlist=\toks17
 (C:\Users\bewm\AppData\Local\Programs\MiKTeX\tex/latex/geometry\geometry.cfg)) (C:\Users\bewm\AppData\Local\Programs\MiKTeX\tex/latex/tools\array.sty
Package: array 2021/10/04 v2.5f Tabular extension package (FMi)
\col@sep=\dimen156
\ar@mcellbox=\box51
\extrarowheight=\dimen157
\NC@list=\toks18
\extratabsurround=\skip51
\backup@length=\skip52
\ar@cellbox=\box52
) (C:\Users\bewm\AppData\Local\Programs\MiKTeX\tex/latex/tools\tabularx.sty
Package: tabularx 2020/01/15 v2.11c `tabularx' package (DPC)
\TX@col@width=\dimen158
\TX@old@table=\dimen159
\TX@old@col=\dimen160
\TX@target=\dimen161
\TX@delta=\dimen162
\TX@cols=\count271
\TX@ftn=\toks19
) (C:\Users\bewm\AppData\Local\Programs\MiKTeX\tex/latex/multirow\multirow.sty
Package: multirow 2021/03/15 v2.8 Span multiple rows of a table
\multirow@colwidth=\skip53
\multirow@cntb=\count272
\multirow@dima=\skip54
\bigstrutjot=\dimen163
) (C:\Users\bewm\AppData\Local\Programs\MiKTeX\tex/latex/booktabs\booktabs.sty
Package: booktabs 2020/01/12 v1.61803398 Publication quality tables
\heavyrulewidth=\dimen164
\lightrulewidth=\dimen165
\cmidrulewidth=\dimen166
\belowrulesep=\dimen167
\belowbottomsep=\dimen168
\aboverulesep=\dimen169
\abovetopsep=\dimen170
\cmidrulesep=\dimen171
\cmidrulekern=\dimen172
\defaultaddspace=\dimen173
\@cmidla=\count273
\@cmidlb=\count274
\@aboverulesep=\dimen174
\@belowrulesep=\dimen175
\@thisruleclass=\count275
\@lastruleclass=\count276
\@thisrulewidth=\dimen176
) (C:\Users\bewm\AppData\Local\Programs\MiKTeX\tex/latex/xcolor\xcolor.sty
Package: xcolor 2021/10/31 v2.13 LaTeX color extensions (UK)
 (C:\Users\bewm\AppData\Local\Programs\MiKTeX\tex/latex/graphics-cfg\color.cfg
File: color.cfg 2016/01/02 v1.6 sample color configuration
)
Package xcolor Info: Driver file: pdftex.def on input line 227.
 (C:\Users\bewm\AppData\Local\Programs\MiKTeX\tex/latex/graphics-def\pdftex.def
File: pdftex.def 2020/10/05 v1.2a Graphics/color driver for pdftex
) (C:\Users\bewm\AppData\Local\Programs\MiKTeX\tex/latex/colortbl\colortbl.sty
Package: colortbl 2020/01/04 v1.0e Color table columns (DPC)
\everycr=\toks20
\minrowclearance=\skip55
)
\rownum=\count277
Package xcolor Info: Model `cmy' substituted by `cmy0' on input line 1352.
Package xcolor Info: Model `hsb' substituted by `rgb' on input line 1356.
Package xcolor Info: Model `RGB' extended on input line 1368.
Package xcolor Info: Model `HTML' substituted by `rgb' on input line 1370.
Package xcolor Info: Model `Hsb' substituted by `hsb' on input line 1371.
Package xcolor Info: Model `tHsb' substituted by `hsb' on input line 1372.
Package xcolor Info: Model `HSB' substituted by `hsb' on input line 1373.
Package xcolor Info: Model `Gray' substituted by `gray' on input line 1374.
Package xcolor Info: Model `wave' substituted by `hsb' on input line 1375.
) (C:\Users\bewm\AppData\Local\Programs\MiKTeX\tex/latex/float\float.sty
Package: float 2001/11/08 v1.3d Float enhancements (AL)
\c@float@type=\count278
\float@exts=\toks21
\float@box=\box53
\@float@everytoks=\toks22
\@floatcapt=\box54
) (C:\Users\bewm\AppData\Local\Programs\MiKTeX\tex/latex/amsmath\amsmath.sty
Package: amsmath 2022/04/08 v2.17n AMS math features
\@mathmargin=\skip56

For additional information on amsmath, use the `?' option.
(C:\Users\bewm\AppData\Local\Programs\MiKTeX\tex/latex/amsmath\amstext.sty
Package: amstext 2021/08/26 v2.01 AMS text
 (C:\Users\bewm\AppData\Local\Programs\MiKTeX\tex/latex/amsmath\amsgen.sty
File: amsgen.sty 1999/11/30 v2.0 generic functions
\@emptytoks=\toks23
\ex@=\dimen177
)) (C:\Users\bewm\AppData\Local\Programs\MiKTeX\tex/latex/amsmath\amsbsy.sty
Package: amsbsy 1999/11/29 v1.2d Bold Symbols
\pmbraise@=\dimen178
) (C:\Users\bewm\AppData\Local\Programs\MiKTeX\tex/latex/amsmath\amsopn.sty
Package: amsopn 2022/04/08 v2.04 operator names
)
\inf@bad=\count279
LaTeX Info: Redefining \frac on input line 234.
\uproot@=\count280
\leftroot@=\count281
LaTeX Info: Redefining \overline on input line 399.
LaTeX Info: Redefining \colon on input line 410.
\classnum@=\count282
\DOTSCASE@=\count283
LaTeX Info: Redefining \ldots on input line 496.
LaTeX Info: Redefining \dots on input line 499.
LaTeX Info: Redefining \cdots on input line 620.
\Mathstrutbox@=\box55
\strutbox@=\box56
LaTeX Info: Redefining \big on input line 722.
LaTeX Info: Redefining \Big on input line 723.
LaTeX Info: Redefining \bigg on input line 724.
LaTeX Info: Redefining \Bigg on input line 725.
\big@size=\dimen179
LaTeX Font Info:    Redeclaring font encoding OML on input line 743.
LaTeX Font Info:    Redeclaring font encoding OMS on input line 744.
\macc@depth=\count284
LaTeX Info: Redefining \bmod on input line 905.
LaTeX Info: Redefining \pmod on input line 910.
LaTeX Info: Redefining \smash on input line 940.
LaTeX Info: Redefining \relbar on input line 970.
LaTeX Info: Redefining \Relbar on input line 971.
\c@MaxMatrixCols=\count285
\dotsspace@=\muskip16
\c@parentequation=\count286
\dspbrk@lvl=\count287
\tag@help=\toks24
\row@=\count288
\column@=\count289
\maxfields@=\count290
\andhelp@=\toks25
\eqnshift@=\dimen180
\alignsep@=\dimen181
\tagshift@=\dimen182
\tagwidth@=\dimen183
\totwidth@=\dimen184
\lineht@=\dimen185
\@envbody=\toks26
\multlinegap=\skip57
\multlinetaggap=\skip58
\mathdisplay@stack=\toks27
LaTeX Info: Redefining \[ on input line 2953.
LaTeX Info: Redefining \] on input line 2954.
) (C:\Users\bewm\AppData\Local\Programs\MiKTeX\tex/latex/graphics\graphicx.sty
Package: graphicx 2021/09/16 v1.2d Enhanced LaTeX Graphics (DPC,SPQR)
 (C:\Users\bewm\AppData\Local\Programs\MiKTeX\tex/latex/graphics\graphics.sty
Package: graphics 2022/03/10 v1.4e Standard LaTeX Graphics (DPC,SPQR)
 (C:\Users\bewm\AppData\Local\Programs\MiKTeX\tex/latex/graphics\trig.sty
Package: trig 2021/08/11 v1.11 sin cos tan (DPC)
) (C:\Users\bewm\AppData\Local\Programs\MiKTeX\tex/latex/graphics-cfg\graphics.cfg
File: graphics.cfg 2016/06/04 v1.11 sample graphics configuration
)
Package graphics Info: Driver file: pdftex.def on input line 107.
)
\Gin@req@height=\dimen186
\Gin@req@width=\dimen187
) (C:\Users\bewm\AppData\Local\Programs\MiKTeX\tex/latex/hyperref\hyperref.sty
Package: hyperref 2022-05-17 v7.00q Hypertext links for LaTeX
 (C:\Users\bewm\AppData\Local\Programs\MiKTeX\tex/generic/ltxcmds\ltxcmds.sty
Package: ltxcmds 2020-05-10 v1.25 LaTeX kernel commands for general use (HO)
) (C:\Users\bewm\AppData\Local\Programs\MiKTeX\tex/generic/pdftexcmds\pdftexcmds.sty
Package: pdftexcmds 2020-06-27 v0.33 Utility functions of pdfTeX for LuaTeX (HO)
 (C:\Users\bewm\AppData\Local\Programs\MiKTeX\tex/generic/infwarerr\infwarerr.sty
Package: infwarerr 2019/12/03 v1.5 Providing info/warning/error messages (HO)
)
Package pdftexcmds Info: \pdf@primitive is available.
Package pdftexcmds Info: \pdf@ifprimitive is available.
Package pdftexcmds Info: \pdfdraftmode found.
) (C:\Users\bewm\AppData\Local\Programs\MiKTeX\tex/generic/kvsetkeys\kvsetkeys.sty
Package: kvsetkeys 2019/12/15 v1.18 Key value parser (HO)
) (C:\Users\bewm\AppData\Local\Programs\MiKTeX\tex/generic/kvdefinekeys\kvdefinekeys.sty
Package: kvdefinekeys 2019-12-19 v1.6 Define keys (HO)
) (C:\Users\bewm\AppData\Local\Programs\MiKTeX\tex/generic/pdfescape\pdfescape.sty
Package: pdfescape 2019/12/09 v1.15 Implements pdfTeX's escape features (HO)
) (C:\Users\bewm\AppData\Local\Programs\MiKTeX\tex/latex/hycolor\hycolor.sty
Package: hycolor 2020-01-27 v1.10 Color options for hyperref/bookmark (HO)
) (C:\Users\bewm\AppData\Local\Programs\MiKTeX\tex/latex/letltxmacro\letltxmacro.sty
Package: letltxmacro 2019/12/03 v1.6 Let assignment for LaTeX macros (HO)
) (C:\Users\bewm\AppData\Local\Programs\MiKTeX\tex/latex/auxhook\auxhook.sty
Package: auxhook 2019-12-17 v1.6 Hooks for auxiliary files (HO)
) (C:\Users\bewm\AppData\Local\Programs\MiKTeX\tex/latex/hyperref\nameref.sty
Package: nameref 2022-05-17 v2.50 Cross-referencing by name of section
 (C:\Users\bewm\AppData\Local\Programs\MiKTeX\tex/latex/refcount\refcount.sty
Package: refcount 2019/12/15 v3.6 Data extraction from label references (HO)
) (C:\Users\bewm\AppData\Local\Programs\MiKTeX\tex/generic/gettitlestring\gettitlestring.sty
Package: gettitlestring 2019/12/15 v1.6 Cleanup title references (HO)
 (C:\Users\bewm\AppData\Local\Programs\MiKTeX\tex/latex/kvoptions\kvoptions.sty
Package: kvoptions 2020-10-07 v3.14 Key value format for package options (HO)
))
\c@section@level=\count291
)
\@linkdim=\dimen188
\Hy@linkcounter=\count292
\Hy@pagecounter=\count293
 (C:\Users\bewm\AppData\Local\Programs\MiKTeX\tex/latex/hyperref\pd1enc.def
File: pd1enc.def 2022-05-17 v7.00q Hyperref: PDFDocEncoding definition (HO)
Now handling font encoding PD1 ...
... no UTF-8 mapping file for font encoding PD1
) (C:\Users\bewm\AppData\Local\Programs\MiKTeX\tex/generic/intcalc\intcalc.sty
Package: intcalc 2019/12/15 v1.3 Expandable calculations with integers (HO)
) (C:\Users\bewm\AppData\Local\Programs\MiKTeX\tex/generic/etexcmds\etexcmds.sty
Package: etexcmds 2019/12/15 v1.7 Avoid name clashes with e-TeX commands (HO)
)
\Hy@SavedSpaceFactor=\count294
 (C:\Users\bewm\AppData\Local\Programs\MiKTeX\tex/latex/hyperref\puenc.def
File: puenc.def 2022-05-17 v7.00q Hyperref: PDF Unicode definition (HO)
Now handling font encoding PU ...
... no UTF-8 mapping file for font encoding PU
)
Package hyperref Info: Option `colorlinks' set `true' on input line 4020.
Package hyperref Info: Hyper figures OFF on input line 4139.
Package hyperref Info: Link nesting OFF on input line 4144.
Package hyperref Info: Hyper index ON on input line 4147.
Package hyperref Info: Plain pages OFF on input line 4154.
Package hyperref Info: Backreferencing OFF on input line 4159.
Package hyperref Info: Implicit mode ON; LaTeX internals redefined.
Package hyperref Info: Bookmarks ON on input line 4385.
\c@Hy@tempcnt=\count295
 (C:\Users\bewm\AppData\Local\Programs\MiKTeX\tex/latex/url\url.sty
\Urlmuskip=\muskip17
Package: url 2013/09/16  ver 3.4  Verb mode for urls, etc.
)
LaTeX Info: Redefining \url on input line 4723.
\XeTeXLinkMargin=\dimen189
 (C:\Users\bewm\AppData\Local\Programs\MiKTeX\tex/generic/bitset\bitset.sty
Package: bitset 2019/12/09 v1.3 Handle bit-vector datatype (HO)
 (C:\Users\bewm\AppData\Local\Programs\MiKTeX\tex/generic/bigintcalc\bigintcalc.sty
Package: bigintcalc 2019/12/15 v1.5 Expandable calculations on big integers (HO)
))
\Fld@menulength=\count296
\Field@Width=\dimen190
\Fld@charsize=\dimen191
Package hyperref Info: Hyper figures OFF on input line 6001.
Package hyperref Info: Link nesting OFF on input line 6006.
Package hyperref Info: Hyper index ON on input line 6009.
Package hyperref Info: backreferencing OFF on input line 6016.
Package hyperref Info: Link coloring ON on input line 6019.
Package hyperref Info: Link coloring with OCG OFF on input line 6026.
Package hyperref Info: PDF/A mode OFF on input line 6031.
 (C:\Users\bewm\AppData\Local\Programs\MiKTeX\tex/latex/base\atbegshi-ltx.sty
Package: atbegshi-ltx 2021/01/10 v1.0c Emulation of the original atbegshi
package with kernel methods
)
\Hy@abspage=\count297
\c@Item=\count298
\c@Hfootnote=\count299
)
Package hyperref Info: Driver (autodetected): hpdftex.
 (C:\Users\bewm\AppData\Local\Programs\MiKTeX\tex/latex/hyperref\hpdftex.def
File: hpdftex.def 2022-05-17 v7.00q Hyperref driver for pdfTeX
 (C:\Users\bewm\AppData\Local\Programs\MiKTeX\tex/latex/base\atveryend-ltx.sty
Package: atveryend-ltx 2020/08/19 v1.0a Emulation of the original atveryend package
with kernel methods
)
\Fld@listcount=\count300
\c@bookmark@seq@number=\count301
 (C:\Users\bewm\AppData\Local\Programs\MiKTeX\tex/latex/rerunfilecheck\rerunfilecheck.sty
Package: rerunfilecheck 2019/12/05 v1.9 Rerun checks for auxiliary files (HO)
 (C:\Users\bewm\AppData\Local\Programs\MiKTeX\tex/generic/uniquecounter\uniquecounter.sty
Package: uniquecounter 2019/12/15 v1.4 Provide unlimited unique counter (HO)
)
Package uniquecounter Info: New unique counter `rerunfilecheck' on input line 286.
)
\Hy@SectionHShift=\skip59
) (C:\Users\bewm\AppData\Local\Programs\MiKTeX\tex/latex/l3backend\l3backend-pdftex.def
File: l3backend-pdftex.def 2022-04-20 L3 backend support: PDF output (pdfTeX)
\l__color_backend_stack_int=\count302
\l__pdf_internal_box=\box57
) (paper_ann_shm_felipe.aux)
\openout1 = `paper_ann_shm_felipe.aux'.

LaTeX Font Info:    Checking defaults for OML/cmm/m/it on input line 43.
LaTeX Font Info:    ... okay on input line 43.
LaTeX Font Info:    Checking defaults for OMS/cmsy/m/n on input line 43.
LaTeX Font Info:    ... okay on input line 43.
LaTeX Font Info:    Checking defaults for OT1/cmr/m/n on input line 43.
LaTeX Font Info:    ... okay on input line 43.
LaTeX Font Info:    Checking defaults for T1/cmr/m/n on input line 43.
LaTeX Font Info:    ... okay on input line 43.
LaTeX Font Info:    Checking defaults for TS1/cmr/m/n on input line 43.
LaTeX Font Info:    ... okay on input line 43.
LaTeX Font Info:    Checking defaults for OMX/cmex/m/n on input line 43.
LaTeX Font Info:    ... okay on input line 43.
LaTeX Font Info:    Checking defaults for U/cmr/m/n on input line 43.
LaTeX Font Info:    ... okay on input line 43.
LaTeX Font Info:    Checking defaults for PD1/pdf/m/n on input line 43.
LaTeX Font Info:    ... okay on input line 43.
LaTeX Font Info:    Checking defaults for PU/pdf/m/n on input line 43.
LaTeX Font Info:    ... okay on input line 43.
Package caption Info: Begin \AtBeginDocument code.
Package caption Info: float package is loaded.
Package caption Info: hyperref package is loaded.
Package caption Info: End \AtBeginDocument code.

*geometry* driver: auto-detecting
*geometry* detected driver: pdftex
*geometry* verbose mode - [ preamble ] result:
* driver: pdftex
* paper: a4paper
* layout: <same size as paper>
* layoutoffset:(h,v)=(0.0pt,0.0pt)
* modes: 
* h-part:(L,W,R)=(42.67912pt, 512.14963pt, 42.67912pt)
* v-part:(T,H,B)=(56.9055pt, 731.23584pt, 56.9055pt)
* \paperwidth=597.50787pt
* \paperheight=845.04684pt
* \textwidth=512.14963pt
* \textheight=731.23584pt
* \oddsidemargin=-29.59087pt
* \evensidemargin=-29.59087pt
* \topmargin=-52.36449pt
* \headheight=12.0pt
* \headsep=25.0pt
* \topskip=10.0pt
* \footskip=30.0pt
* \marginparwidth=45.52458pt
* \marginparsep=10.0pt
* \columnsep=10.0pt
* \skip\footins=9.0pt plus 4.0pt minus 2.0pt
* \hoffset=0.0pt
* \voffset=0.0pt
* \mag=1000
* \@twocolumntrue
* \@twosidefalse
* \@mparswitchfalse
* \@reversemarginfalse
* (1in=72.27pt=25.4mm, 1cm=28.453pt)

(C:\Users\bewm\AppData\Local\Programs\MiKTeX\tex/context/base/mkii\supp-pdf.mkii
[Loading MPS to PDF converter (version 2006.09.02).]
\scratchcounter=\count303
\scratchdimen=\dimen192
\scratchbox=\box58
\nofMPsegments=\count304
\nofMParguments=\count305
\everyMPshowfont=\toks28
\MPscratchCnt=\count306
\MPscratchDim=\dimen193
\MPnumerator=\count307
\makeMPintoPDFobject=\count308
\everyMPtoPDFconversion=\toks29
) (C:\Users\bewm\AppData\Local\Programs\MiKTeX\tex/latex/epstopdf-pkg\epstopdf-base.sty
Package: epstopdf-base 2020-01-24 v2.11 Base part for package epstopdf
Package epstopdf-base Info: Redefining graphics rule for `.eps' on input line 485.
 (C:\Users\bewm\AppData\Local\Programs\MiKTeX\tex/latex/00miktex\epstopdf-sys.cfg
File: epstopdf-sys.cfg 2021/03/18 v2.0 Configuration of epstopdf for MiKTeX
))
Package hyperref Info: Link coloring ON on input line 43.
 (paper_ann_shm_felipe.out) (paper_ann_shm_felipe.out)
\@outlinefile=\write3
\openout3 = `paper_ann_shm_felipe.out'.

<figures//experiment_01.PNG, id=59, 630.85687pt x 527.72156pt>
File: figures//experiment_01.PNG Graphic file (type png)
<use figures//experiment_01.PNG>
Package pdftex.def Info: figures//experiment_01.PNG  used on input line 93.
(pdftex.def)             Requested size: 230.46576pt x 192.78989pt.
<figures//experiment_02.PNG, id=61, 551.81157pt x 209.28188pt>
File: figures//experiment_02.PNG Graphic file (type png)
<use figures//experiment_02.PNG>
Package pdftex.def Info: figures//experiment_02.PNG  used on input line 100.
(pdftex.def)             Requested size: 153.64644pt x 58.27278pt.
 [1{C:/Users/bewm/AppData/Local/MiKTeX/fonts/map/pdftex/pdftex.map}


 <./figures//experiment_01.PNG>]
Overfull \hbox (8.12292pt too wide) in paragraph at lines 114--114
[]|\OT1/cmr/m/n/9 State| 
 []


Overfull \hbox (2.52577pt too wide) in paragraph at lines 116--116
[]|\OT1/cmr/m/n/9 Undamaged| 
 []


Overfull \hbox (2.52577pt too wide) in paragraph at lines 118--118
[]|\OT1/cmr/m/n/9 Undamaged| 
 []


Overfull \hbox (2.52577pt too wide) in paragraph at lines 119--119
[]|\OT1/cmr/m/n/9 Undamaged| 
 []


Overfull \hbox (2.52577pt too wide) in paragraph at lines 120--120
[]|\OT1/cmr/m/n/9 Undamaged| 
 []


Overfull \hbox (2.52577pt too wide) in paragraph at lines 121--121
[]|\OT1/cmr/m/n/9 Undamaged| 
 []


Overfull \hbox (2.52577pt too wide) in paragraph at lines 122--122
[]|\OT1/cmr/m/n/9 Undamaged| 
 []


Overfull \hbox (2.52577pt too wide) in paragraph at lines 123--123
[]|\OT1/cmr/m/n/9 Undamaged| 
 []


Overfull \hbox (2.52577pt too wide) in paragraph at lines 124--124
[]|\OT1/cmr/m/n/9 Undamaged| 
 []


Overfull \hbox (2.52577pt too wide) in paragraph at lines 125--125
[]|\OT1/cmr/m/n/9 Undamaged| 
 []


Overfull \hbox (4.00838pt too wide) in paragraph at lines 127--127
[]|\OT1/cmr/m/n/9 #10| 
 []


Overfull \hbox (4.00838pt too wide) in paragraph at lines 128--128
[]|\OT1/cmr/m/n/9 #11| 
 []


Overfull \hbox (4.00838pt too wide) in paragraph at lines 129--129
[]|\OT1/cmr/m/n/9 #12| 
 []


Overfull \hbox (4.00838pt too wide) in paragraph at lines 130--130
[]|\OT1/cmr/m/n/9 #13| 
 []


Overfull \hbox (4.00838pt too wide) in paragraph at lines 131--131
[]|\OT1/cmr/m/n/9 #14| 
 []


Overfull \hbox (4.00838pt too wide) in paragraph at lines 133--133
[]|\OT1/cmr/m/n/9 #15| 
 []


Overfull \hbox (4.00838pt too wide) in paragraph at lines 134--134
[]|\OT1/cmr/m/n/9 #16| 
 []


Overfull \hbox (4.00838pt too wide) in paragraph at lines 135--135
[]|\OT1/cmr/m/n/9 #17| 
 []


Overfull \hbox (2.67021pt too wide) in paragraph at lines 144--153
 [][] 
 []

<figures//case_000.png, id=86, 728.7225pt x 388.45125pt>
File: figures//case_000.png Graphic file (type png)
<use figures//case_000.png>
Package pdftex.def Info: figures//case_000.png  used on input line 160.
(pdftex.def)             Requested size: 204.85672pt x 109.19829pt.
<figures//case_790.png, id=87, 728.7225pt x 388.45125pt>
File: figures//case_790.png Graphic file (type png)
<use figures//case_790.png>
Package pdftex.def Info: figures//case_790.png  used on input line 166.
(pdftex.def)             Requested size: 204.85672pt x 109.19829pt.
<figures//DIP.PNG, id=89, 1056.94875pt x 367.3725pt>
File: figures//DIP.PNG Graphic file (type png)
<use figures//DIP.PNG>
Package pdftex.def Info: figures//DIP.PNG  used on input line 187.
(pdftex.def)             Requested size: 384.11221pt x 133.50964pt.

LaTeX Warning: `!h' float specifier changed to `!ht'.

[2 <./figures//experiment_02.PNG> <./figures//case_000.png> <./figures//case_790.png>]
<figures//ar_0.png, id=112, 890.32625pt x 718.685pt>
File: figures//ar_0.png Graphic file (type png)
<use figures//ar_0.png>
Package pdftex.def Info: figures//ar_0.png  used on input line 212.
(pdftex.def)             Requested size: 256.07481pt x 206.70258pt.

Overfull \hbox (5.0pt too wide) in paragraph at lines 212--213
 [][] 
 []

<figures//ar_1.png, id=114, 890.32625pt x 388.45125pt>
File: figures//ar_1.png Graphic file (type png)
<use figures//ar_1.png>
Package pdftex.def Info: figures//ar_1.png  used on input line 221.
(pdftex.def)             Requested size: 256.07481pt x 111.72331pt.

Overfull \hbox (5.0pt too wide) in paragraph at lines 221--222
 [][] 
 []

<figures//ar_2.png, id=116, 908.39375pt x 863.225pt>
File: figures//ar_2.png Graphic file (type png)
<use figures//ar_2.png>
Package pdftex.def Info: figures//ar_2.png  used on input line 230.
(pdftex.def)             Requested size: 256.07481pt x 243.33464pt.

Overfull \hbox (5.0pt too wide) in paragraph at lines 230--231
 [][] 
 []

[3 <./figures//DIP.PNG> <./figures//ar_0.png> <./figures//ar_1.png> <./figures//ar_2.png>]
<figures//pca_0.png, id=130, 649.42625pt x 503.8825pt>
File: figures//pca_0.png Graphic file (type png)
<use figures//pca_0.png>
Package pdftex.def Info: figures//pca_0.png  used on input line 249.
(pdftex.def)             Requested size: 256.07481pt x 198.68925pt.

Overfull \hbox (5.0pt too wide) in paragraph at lines 249--250
 [][] 
 []

<figures//exploratory_01.png, id=131, 804.00375pt x 570.13pt>
File: figures//exploratory_01.png Graphic file (type png)
<use figures//exploratory_01.png>
Package pdftex.def Info: figures//exploratory_01.png  used on input line 267.
(pdftex.def)             Requested size: 256.07481pt x 181.58408pt.

Overfull \hbox (5.0pt too wide) in paragraph at lines 267--268
 [][] 
 []

<figures//pairplot_bin.png, id=132, 634.37pt x 287.0725pt>
File: figures//pairplot_bin.png Graphic file (type png)
<use figures//pairplot_bin.png>
Package pdftex.def Info: figures//pairplot_bin.png  used on input line 277.
(pdftex.def)             Requested size: 204.85672pt x 92.70172pt.
<figures//pairplot_04.png, id=133, 648.4225pt x 287.0725pt>
File: figures//pairplot_04.png Graphic file (type png)
<use figures//pairplot_04.png>
Package pdftex.def Info: figures//pairplot_04.png  used on input line 283.
(pdftex.def)             Requested size: 204.85672pt x 90.69551pt.
<figures//pairplot_17.png, id=134, 624.3325pt x 288.07625pt>
File: figures//pairplot_17.png Graphic file (type png)
<use figures//pairplot_17.png>
Package pdftex.def Info: figures//pairplot_17.png  used on input line 289.
(pdftex.def)             Requested size: 204.85672pt x 94.52039pt.
[4 <./figures//pca_0.png> <./figures//exploratory_01.png> <./figures//pairplot_bin.png> <./figures//pairplot_04.png> <./figures//pairplot_17.png>]
<figures//ann_protocol.png, id=152, 505.13719pt x 414.79968pt>
File: figures//ann_protocol.png Graphic file (type png)
<use figures//ann_protocol.png>
Package pdftex.def Info: figures//ann_protocol.png  used on input line 327.
(pdftex.def)             Requested size: 256.07481pt x 210.27917pt.

Overfull \hbox (5.0pt too wide) in paragraph at lines 327--328
 [][] 
 []

<figures//confusion_matrix.png, id=155, 1185.42876pt x 576.1525pt>
File: figures//confusion_matrix.png Graphic file (type png)
<use figures//confusion_matrix.png>
Package pdftex.def Info: figures//confusion_matrix.png  used on input line 339.
(pdftex.def)             Requested size: 460.93153pt x 224.02162pt.
[5 <./figures//ann_protocol.png>]
<figures//soft_model_protocol.png, id=166, 505.13719pt x 435.87843pt>
File: figures//soft_model_protocol.png Graphic file (type png)
<use figures//soft_model_protocol.png>
Package pdftex.def Info: figures//soft_model_protocol.png  used on input line 413.
(pdftex.def)             Requested size: 256.07481pt x 220.96486pt.

Overfull \hbox (5.0pt too wide) in paragraph at lines 413--414
 [][] 
 []

<figures//results.png, id=168, 779.91376pt x 553.06625pt>
File: figures//results.png Graphic file (type png)
<use figures//results.png>
Package pdftex.def Info: figures//results.png  used on input line 439.
(pdftex.def)             Requested size: 256.07481pt x 181.59256pt.

Overfull \hbox (5.0pt too wide) in paragraph at lines 439--440
 [][] 
 []

[6 <./figures//confusion_matrix.png> <./figures//soft_model_protocol.png>]
<figures//som_unsup.png, id=179, 487.8225pt x 577.15625pt>
File: figures//som_unsup.png Graphic file (type png)
<use figures//som_unsup.png>
Package pdftex.def Info: figures//som_unsup.png  used on input line 467.
(pdftex.def)             Requested size: 230.46576pt x 272.67253pt.
<figures//som_2.png, id=180, 487.8225pt x 577.15625pt>
File: figures//som_2.png Graphic file (type png)
<use figures//som_2.png>
Package pdftex.def Info: figures//som_2.png  used on input line 473.
(pdftex.def)             Requested size: 230.46576pt x 272.67253pt.
<figures//som_4.png, id=181, 487.8225pt x 577.15625pt>
File: figures//som_4.png Graphic file (type png)
<use figures//som_4.png>
Package pdftex.def Info: figures//som_4.png  used on input line 479.
(pdftex.def)             Requested size: 230.46576pt x 272.67253pt.
<figures//som_17.png, id=182, 487.8225pt x 577.15625pt>
File: figures//som_17.png Graphic file (type png)
<use figures//som_17.png>
Package pdftex.def Info: figures//som_17.png  used on input line 485.
(pdftex.def)             Requested size: 230.46576pt x 272.67253pt.
 (paper_ann_shm_felipe.bbl
Underfull \hbox (badness 2503) in paragraph at lines 4--8
[]\OT1/cmr/m/n/10 Figueiredo, E., Figueiras, J.,
 []


Underfull \hbox (badness 10000) in paragraph at lines 10--13
[]\OT1/cmr/m/n/10 Figueiredo, E., Park, G.,
 []

[7 <./figures//results.png>] [8 <./figures//som_unsup.png> <./figures//som_2.png> <./figures//som_4.png> <./figures//som_17.png>]) [9

] (paper_ann_shm_felipe.aux)
Package rerunfilecheck Info: File `paper_ann_shm_felipe.out' has not changed.
(rerunfilecheck)             Checksum: 55825D89BFDDAA51028CD48F1390CB5C;1741.
 ) 
Here is how much of TeX's memory you used:
 13024 strings out of 478354
 215605 string characters out of 2837590
 550899 words of memory out of 3000000
 31189 multiletter control sequences out of 15000+600000
 475791 words of font info for 50 fonts, out of 8000000 for 9000
 1141 hyphenation exceptions out of 8191
 72i,12n,77p,1042b,567s stack positions out of 10000i,1000n,20000p,200000b,80000s
 <C:\Users\bewm\AppData\Local\MiKTeX\fonts/pk/ljfour/jknappen/ec/dpi600\tcti1000.pk><C:/Users/bewm/AppData/Local/Programs/MiKTeX/fonts/type1/public/amsfonts/cm/cmbx10.pfb><C:/Users/bewm/AppData/Local/Programs/MiKTeX/fonts/type1/public/amsfonts/cm/cmbx12.pfb><C:/Users/bewm/AppData/Local/Programs/MiKTeX/fonts/type1/public/amsfonts/cm/cmbx8.pfb><C:/Users/bewm/AppData/Local/Programs/MiKTeX/fonts/type1/public/amsfonts/cm/cmbx9.pfb><C:/Users/bewm/AppData/Local/Programs/MiKTeX/fonts/type1/public/amsfonts/cm/cmex10.pfb><C:/Users/bewm/AppData/Local/Programs/MiKTeX/fonts/type1/public/amsfonts/cm/cmmi10.pfb><C:/Users/bewm/AppData/Local/Programs/MiKTeX/fonts/type1/public/amsfonts/cm/cmmi7.pfb><C:/Users/bewm/AppData/Local/Programs/MiKTeX/fonts/type1/public/amsfonts/cm/cmr10.pfb><C:/Users/bewm/AppData/Local/Programs/MiKTeX/fonts/type1/public/amsfonts/cm/cmr12.pfb><C:/Users/bewm/AppData/Local/Programs/MiKTeX/fonts/type1/public/amsfonts/cm/cmr17.pfb><C:/Users/bewm/AppData/Local/Programs/MiKTeX/fonts/type1/public/amsfonts/cm/cmr7.pfb><C:/Users/bewm/AppData/Local/Programs/MiKTeX/fonts/type1/public/amsfonts/cm/cmr8.pfb><C:/Users/bewm/AppData/Local/Programs/MiKTeX/fonts/type1/public/amsfonts/cm/cmr9.pfb><C:/Users/bewm/AppData/Local/Programs/MiKTeX/fonts/type1/public/amsfonts/cm/cmsy10.pfb><C:/Users/bewm/AppData/Local/Programs/MiKTeX/fonts/type1/public/amsfonts/cm/cmsy7.pfb><C:/Users/bewm/AppData/Local/Programs/MiKTeX/fonts/type1/public/amsfonts/cm/cmti10.pfb><C:/Users/bewm/AppData/Local/Programs/MiKTeX/fonts/type1/public/amsfonts/cm/cmti12.pfb>
Output written on paper_ann_shm_felipe.pdf (9 pages, 1334743 bytes).
PDF statistics:
 301 PDF objects out of 1000 (max. 8388607)
 55 named destinations out of 1000 (max. 500000)
 202 words of extra memory for PDF output out of 10000 (max. 10000000)

